  app_hooks.c
  app.c
e:\课件\大三第一学期\嵌入式\micrium\software\evalboards\microsoft\windows\os2\app.c(133): warning C4087: 'OSTimeGet': declared with 'void' parameter list
  cpu_bsp.c
  bsp.c
  os_tmr.c
  os_time.c
  os_task.c
  os_sem.c
  os_q.c
  os_mutex.c
  os_mem.c
  os_mbox.c
  os_flag.c
  os_dbg_r.c
  os_core.c
  os_cpu_c.c
  lib_str.c
  lib_mem.c
  lib_math.c
  lib_ascii.c
  Generating Code...
  Compiling...
  cpu_c.c
  cpu_core.c
  Generating Code...
  OS2.vcxproj -> E:\课件\大三第一学期\嵌入式\Micrium\Software\Evalboards\Microsoft\Windows\OS2\Visual Studio\Debug\OS2.exe
  OS2.vcxproj -> E:\课件\大三第一学期\嵌入式\Micrium\Software\Evalboards\Microsoft\Windows\OS2\Visual Studio\Debug\OS2.pdb (Full PDB)
